/home/vyom/EKF_SLAM/install/ekf_slam_pkg/lib/python3.10/site-packages/ekf_slam_pkg/slam_try.py
/home/vyom/EKF_SLAM/install/ekf_slam_pkg/lib/python3.10/site-packages/ekf_slam_pkg/Untitled-3.py
/home/vyom/EKF_SLAM/install/ekf_slam_pkg/lib/python3.10/site-packages/ekf_slam_pkg/viz_ekf_slam.py
/home/vyom/EKF_SLAM/install/ekf_slam_pkg/lib/python3.10/site-packages/ekf_slam_pkg/EKF_slam.py
/home/vyom/EKF_SLAM/install/ekf_slam_pkg/lib/python3.10/site-packages/ekf_slam_pkg/__init__.py
/home/vyom/EKF_SLAM/install/ekf_slam_pkg/lib/python3.10/site-packages/ekf_slam_pkg/__pycache__/slam_try.cpython-310.pyc
/home/vyom/EKF_SLAM/install/ekf_slam_pkg/lib/python3.10/site-packages/ekf_slam_pkg/__pycache__/Untitled-3.cpython-310.pyc
/home/vyom/EKF_SLAM/install/ekf_slam_pkg/lib/python3.10/site-packages/ekf_slam_pkg/__pycache__/viz_ekf_slam.cpython-310.pyc
/home/vyom/EKF_SLAM/install/ekf_slam_pkg/lib/python3.10/site-packages/ekf_slam_pkg/__pycache__/EKF_slam.cpython-310.pyc
/home/vyom/EKF_SLAM/install/ekf_slam_pkg/lib/python3.10/site-packages/ekf_slam_pkg/__pycache__/__init__.cpython-310.pyc
/home/vyom/EKF_SLAM/install/ekf_slam_pkg/share/ament_index/resource_index/packages/ekf_slam_pkg
/home/vyom/EKF_SLAM/install/ekf_slam_pkg/share/ekf_slam_pkg/package.xml
/home/vyom/EKF_SLAM/install/ekf_slam_pkg/lib/python3.10/site-packages/ekf_slam_pkg-0.0.0-py3.10.egg-info/SOURCES.txt
/home/vyom/EKF_SLAM/install/ekf_slam_pkg/lib/python3.10/site-packages/ekf_slam_pkg-0.0.0-py3.10.egg-info/PKG-INFO
/home/vyom/EKF_SLAM/install/ekf_slam_pkg/lib/python3.10/site-packages/ekf_slam_pkg-0.0.0-py3.10.egg-info/top_level.txt
/home/vyom/EKF_SLAM/install/ekf_slam_pkg/lib/python3.10/site-packages/ekf_slam_pkg-0.0.0-py3.10.egg-info/requires.txt
/home/vyom/EKF_SLAM/install/ekf_slam_pkg/lib/python3.10/site-packages/ekf_slam_pkg-0.0.0-py3.10.egg-info/entry_points.txt
/home/vyom/EKF_SLAM/install/ekf_slam_pkg/lib/python3.10/site-packages/ekf_slam_pkg-0.0.0-py3.10.egg-info/zip-safe
/home/vyom/EKF_SLAM/install/ekf_slam_pkg/lib/python3.10/site-packages/ekf_slam_pkg-0.0.0-py3.10.egg-info/dependency_links.txt
/home/vyom/EKF_SLAM/install/ekf_slam_pkg/lib/ekf_slam_pkg/ekf_slam
/home/vyom/EKF_SLAM/install/ekf_slam_pkg/lib/ekf_slam_pkg/ekf_slam_viz
